QB prices
56
32
25
24
22
21
21
20
20
18
10
7
6
5
5
3
2
2
2
1
1
1
1
1
1
None
RB prices
68
62
62
60
58
56
55
52
51
51
48
46
36
35
35
35
33
32
30
30
30
29
25
25
24
24
23
18
18
16
16
14
14
13
13
12
11
6
5
4
4
3
2
2
2
2
2
2
1
1
1
1
1
1
1
1
1
1
1
1
1
1
1
1
1
1
1
1
1
None
WR prices
62
56
52
47
46
40
38
36
36
32
30
26
24
21
20
20
19
18
18
18
15
13
12
11
11
10
10
9
9
8
7
7
7
7
6
6
5
5
4
4
4
3
3
2
2
2
2
1
1
1
1
1
1
1
1
1
1
1
1
1
1
1
1
1
1
None
TE prices
49
38
25
18
12
8
7
4
3
3
3
2
1
1
1
1
1
1
None
D/ST prices
None
K prices
6
2
2
2
2
1
1
1
1
1
1
1
1
1
None
