QB
56
51
45
44
32
30
30
26
25
24
20
20
15
15
12
3
3
2
2
2
1
1
1
1
1
1
None
RB
68
62
60
58
58
53
48
48
48
42
36
32
31
30
29
28
28
27
26
26
25
22
19
18
18
17
16
16
16
15
14
14
13
13
12
12
10
10
9
9
9
9
8
6
4
3
3
3
3
3
3
3
3
3
3
2
2
2
2
2
1
1
1
1
1
1
1
1
1
1
None
WR
56
52
42
35
33
31
28
26
26
25
24
23
22
22
21
20
20
16
16
15
15
14
14
14
13
13
12
11
11
11
11
10
10
9
9
8
7
6
5
5
4
4
3
3
3
2
2
2
2
2
1
1
1
1
1
1
1
1
1
1
1
1
1
1
1
1
1
1
1
1
1
1
1
None
TE
25
17
15
11
11
7
7
7
6
6
5
5
3
3
2
2
1
1
1
1
1
1
1
1
None
D/ST
8
6
4
3
3
2
2
2
1
1
1
1
1
1
1
1
None
K
3
3
1
1
1
1
1
1
1
1
1
1
1
1
None
