QB prices
56
51
44
40
32
25
24
24
21
21
20
20
15
6
6
5
4
3
1
1
1
1
1
1
1
1
1
None
RB prices
68
62
60
58
58
53
48
48
46
42
36
35
32
31
31
31
30
30
29
28
26
24
23
18
16
16
14
14
13
13
13
11
10
9
9
9
6
6
5
5
5
5
5
5
4
4
3
3
3
3
2
2
2
2
2
2
1
1
1
1
1
1
1
1
None
WR prices
56
46
42
40
36
33
32
31
31
28
26
26
24
24
22
22
21
18
17
17
16
14
14
12
11
11
11
10
10
10
10
9
9
9
8
8
8
8
7
7
7
6
5
5
5
5
5
4
4
3
3
2
2
2
2
2
1
1
1
1
1
1
1
1
1
1
1
1
1
1
None
TE prices
38
25
25
18
12
11
9
8
5
4
3
3
2
2
1
1
1
None
D/ST prices
10
7
5
5
4
4
4
3
2
1
1
1
1
1
1
None
K prices
12
9
3
2
2
1
1
1
1
1
1
1
1
1
None
